<?xml version="1.0" encoding="UTF-8"?>
<!-- Generated by org.testng.reporters.JUnitReportReporter -->
<testsuite skipped="0" hostname="DESKTOP-2OGOO9T" name="api_test.base_test.UserTest" tests="1" failures="0" timestamp="05 六月 2020 03:50:47 GMT" time="1.999" errors="0">
  <testcase name="loginByPassWord_通过账号密码登录" time="1.999" classname="api_test.base_test.UserTest"/>
</testsuite> <!-- api_test.base_test.UserTest -->
